Using pre-set license
Built from '2020.3/release' branch; Version is '2020.3.7f1 (dd97f2c94397) revision 14522354'; Using compiler version '192528614'; Build Type 'Release'
OS: 'Windows 10 Home; OS build 19042.928; Version 2009; 64bit' Language: 'es' Physical Memory: 16312 MB
BatchMode: 1, IsHumanControllingUs: 0, StartBugReporterOnCrash: 0, Is64bit: 1, IsPro: 0

 COMMAND LINE ARGUMENTS:
C:\Program Files\Unity\Hub\Editor\2020.3.7f1\Editor\Unity.exe
-adb2
-batchMode
-noUpm
-name
AssetImportWorker0
-projectPath
C:/Users/xocog/Documents/GitHub/TrioDinamico/Audio/AudioScene
-logFile
Logs/AssetImportWorker0.log
-srvPort
56871
Successfully changed project path to: C:/Users/xocog/Documents/GitHub/TrioDinamico/Audio/AudioScene
C:/Users/xocog/Documents/GitHub/TrioDinamico/Audio/AudioScene
Using Asset Import Pipeline V2.
Refreshing native plugins compatible for Editor in 37.86 ms, found 0 plugins.
Preloading 0 native plugins for Editor in 0.00 ms.
Initialize engine version: 2020.3.7f1 (dd97f2c94397)
[Subsystems] Discovering subsystems at path C:/Program Files/Unity/Hub/Editor/2020.3.7f1/Editor/Data/Resources/UnitySubsystems
[Subsystems] Discovering subsystems at path C:/Users/xocog/Documents/GitHub/TrioDinamico/Audio/AudioScene/Assets
GfxDevice: creating device client; threaded=0
Direct3D:
    Version:  Direct3D 11.0 [level 11.1]
    Renderer: NVIDIA GeForce GTX 1080 Ti (ID=0x1b06)
    Vendor:   
    VRAM:     11127 MB
    Driver:   27.21.14.6627
Initialize mono
Mono path[0] = 'C:/Program Files/Unity/Hub/Editor/2020.3.7f1/Editor/Data/Managed'
Mono path[1] = 'C:/Program Files/Unity/Hub/Editor/2020.3.7f1/Editor/Data/MonoBleedingEdge/lib/mono/unityjit'
Mono config path = 'C:/Program Files/Unity/Hub/Editor/2020.3.7f1/Editor/Data/MonoBleedingEdge/etc'
Using monoOptions --debugger-agent=transport=dt_socket,embedding=1,server=y,suspend=n,address=127.0.0.1:56436
Begin MonoManager ReloadAssembly
Registering precompiled unity dll's ...
Register platform support module: C:/Program Files/Unity/Hub/Editor/2020.3.7f1/Editor/Data/PlaybackEngines/WindowsStandaloneSupport/UnityEditor.WindowsStandalone.Extensions.dll
Registered in 0.004160 seconds.
Native extension for WindowsStandalone target not found
Refreshing native plugins compatible for Editor in 38.50 ms, found 0 plugins.
Preloading 0 native plugins for Editor in 0.00 ms.
Mono: successfully reloaded assembly
- Completed reload, in  2.842 seconds
Platform modules already initialized, skipping
Registering precompiled user dll's ...
Registered in 0.001407 seconds.
Begin MonoManager ReloadAssembly
Symbol file data-000001C575DFFF70 doesn't match image C:\Users\xocog\Documents\GitHub\TrioDinamico\Audio\AudioScene\Library\ScriptAssemblies\Assembly-CSharp-firstpass.dll
Symbol file LoadedFromMemory is not a mono symbol file
Symbol file data-000001C575AB6020 doesn't match image C:\Users\xocog\Documents\GitHub\TrioDinamico\Audio\AudioScene\Library\ScriptAssemblies\Unity.VSCode.Editor.dll
Symbol file LoadedFromMemory is not a mono symbol file
Symbol file data-000001C575A37010 doesn't match image C:\Users\xocog\Documents\GitHub\TrioDinamico\Audio\AudioScene\Library\ScriptAssemblies\Unity.TextMeshPro.Editor.dll
Symbol file LoadedFromMemory is not a mono symbol file
Symbol file data-000001C57AE3E9A0 doesn't match image C:\Users\xocog\Documents\GitHub\TrioDinamico\Audio\AudioScene\Library\ScriptAssemblies\Unity.VisualStudio.Editor.dll
Symbol file LoadedFromMemory is not a mono symbol file
Symbol file data-000001C575D98B70 doesn't match image C:\Users\xocog\Documents\GitHub\TrioDinamico\Audio\AudioScene\Library\ScriptAssemblies\UnityEngine.TestRunner.dll
Symbol file LoadedFromMemory is not a mono symbol file
Symbol file data-000001C57634AFE0 doesn't match image C:\Users\xocog\Documents\GitHub\TrioDinamico\Audio\AudioScene\Library\ScriptAssemblies\Unity.Timeline.Editor.dll
Symbol file LoadedFromMemory is not a mono symbol file
Symbol file data-000001C575D98B70 doesn't match image C:\Users\xocog\Documents\GitHub\TrioDinamico\Audio\AudioScene\Library\ScriptAssemblies\Unity.Timeline.dll
Symbol file LoadedFromMemory is not a mono symbol file
Symbol file data-000001C57A911010 doesn't match image C:\Users\xocog\Documents\GitHub\TrioDinamico\Audio\AudioScene\Library\ScriptAssemblies\Unity.TextMeshPro.dll
Symbol file LoadedFromMemory is not a mono symbol file
Symbol file data-000001C575D98B70 doesn't match image C:\Users\xocog\Documents\GitHub\TrioDinamico\Audio\AudioScene\Library\ScriptAssemblies\Unity.CollabProxy.Editor.dll
Symbol file LoadedFromMemory is not a mono symbol file
Symbol file data-000001C575D98B70 doesn't match image C:\Users\xocog\Documents\GitHub\TrioDinamico\Audio\AudioScene\Library\ScriptAssemblies\UnityEditor.TestRunner.dll
Symbol file LoadedFromMemory is not a mono symbol file
Symbol file data-000001C57BB18730 doesn't match image C:\Users\xocog\Documents\GitHub\TrioDinamico\Audio\AudioScene\Library\ScriptAssemblies\UnityEditor.UI.dll
Symbol file LoadedFromMemory is not a mono symbol file
Symbol file data-000001C57B763030 doesn't match image C:\Users\xocog\Documents\GitHub\TrioDinamico\Audio\AudioScene\Library\ScriptAssemblies\Unity.Rider.Editor.dll
Symbol file LoadedFromMemory is not a mono symbol file
Symbol file data-000001C57A923C20 doesn't match image C:\Users\xocog\Documents\GitHub\TrioDinamico\Audio\AudioScene\Library\ScriptAssemblies\UnityEngine.UI.dll
Symbol file LoadedFromMemory is not a mono symbol file
Native extension for WindowsStandalone target not found
Refreshing native plugins compatible for Editor in 0.56 ms, found 0 plugins.
Preloading 0 native plugins for Editor in 0.00 ms.
Mono: successfully reloaded assembly
- Completed reload, in  1.077 seconds
Platform modules already initialized, skipping
========================================================================
Worker process is ready to serve import requests
Launched and connected shader compiler UnityShaderCompiler.exe after 0.06 seconds
Refreshing native plugins compatible for Editor in 0.36 ms, found 0 plugins.
Preloading 0 native plugins for Editor in 0.00 ms.
Unloading 1213 Unused Serialized files (Serialized files now loaded: 0)
System memory in use before: 74.7 MB.
System memory in use after: 74.5 MB.

Unloading 10 unused Assets to reduce memory usage. Loaded Objects now: 1671.
Total: 2.573500 ms (FindLiveObjects: 0.198100 ms CreateObjectMapping: 0.035000 ms MarkObjects: 1.978000 ms  DeleteObjects: 0.360800 ms)

========================================================================
Received Import Request.
  path: Assets/MasterMixer.mixer
  artifactKey: Guid(f874d388cd2f18f4cb441c02cd2c4802) Importer(815301076,1909f56bfc062723c751e8b465ee728b)
Start importing Assets/MasterMixer.mixer using Guid(f874d388cd2f18f4cb441c02cd2c4802) Importer(815301076,1909f56bfc062723c751e8b465ee728b)  -> (artifact id: '0a56e5f906506609eaae9169ad38ecce') in 0.049948 seconds
  Import took 0.053265 seconds .

========================================================================
Received Import Request.
  Time since last request: 3.556622 seconds.
  path: Assets/Audio
  artifactKey: Guid(241214e913076f1428e473149f32446a) Importer(815301076,1909f56bfc062723c751e8b465ee728b)
Start importing Assets/Audio using Guid(241214e913076f1428e473149f32446a) Importer(815301076,1909f56bfc062723c751e8b465ee728b)  -> (artifact id: '7c2f5f23c1c2e4141ab39214875f7e94') in 0.003248 seconds
  Import took 0.005661 seconds .

========================================================================
Received Import Request.
  Time since last request: 0.017232 seconds.
  path: Assets/Audio
  artifactKey: Guid(241214e913076f1428e473149f32446a) Importer(815301076,1909f56bfc062723c751e8b465ee728b)
Start importing Assets/Audio using Guid(241214e913076f1428e473149f32446a) Importer(815301076,1909f56bfc062723c751e8b465ee728b)  -> (artifact id: '7c2f5f23c1c2e4141ab39214875f7e94') in 0.002939 seconds
  Import took 0.005319 seconds .

========================================================================
Received Import Request.
  Time since last request: 1.230868 seconds.
  path: Assets/Audio/SFX
  artifactKey: Guid(97318c44ce5124345b7f695122394fed) Importer(815301076,1909f56bfc062723c751e8b465ee728b)
Start importing Assets/Audio/SFX using Guid(97318c44ce5124345b7f695122394fed) Importer(815301076,1909f56bfc062723c751e8b465ee728b)  -> (artifact id: '81089380478ae6194509cb9a39cb8936') in 0.003609 seconds
  Import took 0.006130 seconds .

========================================================================
Received Import Request.
  Time since last request: 0.662882 seconds.
  path: Assets/Audio/SFX/3D
  artifactKey: Guid(46f3d65b4a188e841a852d9366c580e5) Importer(815301076,1909f56bfc062723c751e8b465ee728b)
Start importing Assets/Audio/SFX/3D using Guid(46f3d65b4a188e841a852d9366c580e5) Importer(815301076,1909f56bfc062723c751e8b465ee728b)  -> (artifact id: '76a17c1c53ee5f0008e3538ee6c12a50') in 0.003319 seconds
  Import took 0.005716 seconds .

========================================================================
Received Import Request.
  Time since last request: 8.074300 seconds.
  path: Assets/Audio/SFX/3D/industrial_anvil_sound.wav
  artifactKey: Guid(4f93e5d6a1fa8b443bacf5465cbb695d) Importer(815301076,1909f56bfc062723c751e8b465ee728b)
Start importing Assets/Audio/SFX/3D/industrial_anvil_sound.wav using Guid(4f93e5d6a1fa8b443bacf5465cbb695d) Importer(815301076,1909f56bfc062723c751e8b465ee728b)  -> (artifact id: '9e9df6352c81f036c28efead7f8bf127') in 0.114462 seconds
  Import took 0.116876 seconds .

========================================================================
Received Import Request.
  Time since last request: 5.947036 seconds.
  path: Assets/Audio/SFX/3D/Russian_Mad.wav
  artifactKey: Guid(c3a710cccdf404a4e88184183ca65291) Importer(815301076,1909f56bfc062723c751e8b465ee728b)
Start importing Assets/Audio/SFX/3D/Russian_Mad.wav using Guid(c3a710cccdf404a4e88184183ca65291) Importer(815301076,1909f56bfc062723c751e8b465ee728b)  -> (artifact id: '0a56bf1c5f4bfe3a1d3de5245cb61e37') in 0.009813 seconds
  Import took 0.012478 seconds .

========================================================================
Received Import Request.
  Time since last request: 0.003142 seconds.
  path: Assets/Audio/SFX/3D/Russian_Mad.wav
  artifactKey: Guid(c3a710cccdf404a4e88184183ca65291) Importer(815301076,1909f56bfc062723c751e8b465ee728b)
Start importing Assets/Audio/SFX/3D/Russian_Mad.wav using Guid(c3a710cccdf404a4e88184183ca65291) Importer(815301076,1909f56bfc062723c751e8b465ee728b)  -> (artifact id: '0a56bf1c5f4bfe3a1d3de5245cb61e37') in 0.011363 seconds
  Import took 0.014627 seconds .

========================================================================
Received Import Request.
  Time since last request: 24.903721 seconds.
  path: Assets/Audio/SFX/Ambient
  artifactKey: Guid(c1a0613f159773a4680588ed2057fc12) Importer(815301076,1909f56bfc062723c751e8b465ee728b)
Start importing Assets/Audio/SFX/Ambient using Guid(c1a0613f159773a4680588ed2057fc12) Importer(815301076,1909f56bfc062723c751e8b465ee728b)  -> (artifact id: '7437c13f564e796fc29d8a8c972bcc8c') in 0.003271 seconds
  Import took 0.005862 seconds .

========================================================================
Received Import Request.
  Time since last request: 0.069986 seconds.
  path: Assets/Audio/SFX/Ambient/water_step.wav
  artifactKey: Guid(258ce5cc1976b43478b18b8af72813e0) Importer(815301076,1909f56bfc062723c751e8b465ee728b)
Start importing Assets/Audio/SFX/Ambient/water_step.wav using Guid(258ce5cc1976b43478b18b8af72813e0) Importer(815301076,1909f56bfc062723c751e8b465ee728b)  -> (artifact id: '75623bed1bbe34f61d7ad28d4c73a6e6') in 0.010022 seconds
  Import took 0.012825 seconds .

========================================================================
Received Prepare
Registering precompiled user dll's ...
Registered in 0.001370 seconds.
Begin MonoManager ReloadAssembly
Symbol file data-000001C59EE1B020 doesn't match image C:\Users\xocog\Documents\GitHub\TrioDinamico\Audio\AudioScene\Library\ScriptAssemblies\Assembly-CSharp-firstpass.dll
Symbol file LoadedFromMemory is not a mono symbol file
Symbol file data-000001C57CA20820 doesn't match image C:\Users\xocog\Documents\GitHub\TrioDinamico\Audio\AudioScene\Library\ScriptAssemblies\Unity.VSCode.Editor.dll
Symbol file LoadedFromMemory is not a mono symbol file
Symbol file data-000001C575D98B70 doesn't match image C:\Users\xocog\Documents\GitHub\TrioDinamico\Audio\AudioScene\Library\ScriptAssemblies\Unity.TextMeshPro.Editor.dll
Symbol file LoadedFromMemory is not a mono symbol file
Symbol file data-000001C57E7C7150 doesn't match image C:\Users\xocog\Documents\GitHub\TrioDinamico\Audio\AudioScene\Library\ScriptAssemblies\Unity.VisualStudio.Editor.dll
Symbol file LoadedFromMemory is not a mono symbol file
Symbol file data-000001C57BE20010 doesn't match image C:\Users\xocog\Documents\GitHub\TrioDinamico\Audio\AudioScene\Library\ScriptAssemblies\UnityEngine.TestRunner.dll
Symbol file LoadedFromMemory is not a mono symbol file
Symbol file data-000001C57634AFE0 doesn't match image C:\Users\xocog\Documents\GitHub\TrioDinamico\Audio\AudioScene\Library\ScriptAssemblies\Unity.Timeline.Editor.dll
Symbol file LoadedFromMemory is not a mono symbol file
Symbol file data-000001C57A3B3010 doesn't match image C:\Users\xocog\Documents\GitHub\TrioDinamico\Audio\AudioScene\Library\ScriptAssemblies\Unity.Timeline.dll
Symbol file LoadedFromMemory is not a mono symbol file
Symbol file data-000001C575E44610 doesn't match image C:\Users\xocog\Documents\GitHub\TrioDinamico\Audio\AudioScene\Library\ScriptAssemblies\Unity.TextMeshPro.dll
Symbol file LoadedFromMemory is not a mono symbol file
Symbol file data-000001C57BE20010 doesn't match image C:\Users\xocog\Documents\GitHub\TrioDinamico\Audio\AudioScene\Library\ScriptAssemblies\Unity.CollabProxy.Editor.dll
Symbol file LoadedFromMemory is not a mono symbol file
Symbol file data-000001C57A3B3010 doesn't match image C:\Users\xocog\Documents\GitHub\TrioDinamico\Audio\AudioScene\Library\ScriptAssemblies\UnityEditor.TestRunner.dll
Symbol file LoadedFromMemory is not a mono symbol file
Symbol file data-000001C57B9D6050 doesn't match image C:\Users\xocog\Documents\GitHub\TrioDinamico\Audio\AudioScene\Library\ScriptAssemblies\UnityEditor.UI.dll
Symbol file LoadedFromMemory is not a mono symbol file
Symbol file data-000001C57B9D6050 doesn't match image C:\Users\xocog\Documents\GitHub\TrioDinamico\Audio\AudioScene\Library\ScriptAssemblies\Unity.Rider.Editor.dll
Symbol file LoadedFromMemory is not a mono symbol file
Symbol file data-000001C57AA8F030 doesn't match image C:\Users\xocog\Documents\GitHub\TrioDinamico\Audio\AudioScene\Library\ScriptAssemblies\UnityEngine.UI.dll
Symbol file LoadedFromMemory is not a mono symbol file
Native extension for WindowsStandalone target not found
Refreshing native plugins compatible for Editor in 0.38 ms, found 0 plugins.
Preloading 0 native plugins for Editor in 0.00 ms.
Mono: successfully reloaded assembly
- Completed reload, in  1.017 seconds
Platform modules already initialized, skipping
Refreshing native plugins compatible for Editor in 0.42 ms, found 0 plugins.
Preloading 0 native plugins for Editor in 0.00 ms.
Unloading 1192 Unused Serialized files (Serialized files now loaded: 0)
System memory in use before: 76.2 MB.
System memory in use after: 76.0 MB.

Unloading 5 unused Assets to reduce memory usage. Loaded Objects now: 1683.
Total: 2.141400 ms (FindLiveObjects: 0.205000 ms CreateObjectMapping: 0.034000 ms MarkObjects: 1.586800 ms  DeleteObjects: 0.314200 ms)

========================================================================
Received Import Request.
  Time since last request: 13.387204 seconds.
  path: Assets/Audio/SFX/Ambient/Port_AmbientSound.mp3
  artifactKey: Guid(5df6333a0117d1a4dac7177f28bb4624) Importer(815301076,1909f56bfc062723c751e8b465ee728b)
Start importing Assets/Audio/SFX/Ambient/Port_AmbientSound.mp3 using Guid(5df6333a0117d1a4dac7177f28bb4624) Importer(815301076,1909f56bfc062723c751e8b465ee728b)  -> (artifact id: '20e77c37358cebf171829e6aa6764baf') in 0.062053 seconds
  Import took 0.064885 seconds .

========================================================================
Received Import Request.
  Time since last request: 0.000467 seconds.
  path: Assets/Audio/SFX/Ambient/Port_AmbientSound.mp3
  artifactKey: Guid(5df6333a0117d1a4dac7177f28bb4624) Importer(815301076,1909f56bfc062723c751e8b465ee728b)
Start importing Assets/Audio/SFX/Ambient/Port_AmbientSound.mp3 using Guid(5df6333a0117d1a4dac7177f28bb4624) Importer(815301076,1909f56bfc062723c751e8b465ee728b)  -> (artifact id: '20e77c37358cebf171829e6aa6764baf') in 0.008392 seconds
  Import took 0.010892 seconds .

========================================================================
Received Import Request.
  Time since last request: 6.057072 seconds.
  path: Assets/Audio/SFX/Collider
  artifactKey: Guid(9931bb2a207d8754792a90bd52b1a72a) Importer(815301076,1909f56bfc062723c751e8b465ee728b)
Start importing Assets/Audio/SFX/Collider using Guid(9931bb2a207d8754792a90bd52b1a72a) Importer(815301076,1909f56bfc062723c751e8b465ee728b)  -> (artifact id: '94de15e0384b22d17b9f152c387fb651') in 0.003314 seconds
  Import took 0.005985 seconds .

========================================================================
Received Import Request.
  Time since last request: 0.068795 seconds.
  path: Assets/Audio/SFX/Collider/NotTheWay.wav
  artifactKey: Guid(cc910f837e28c1040b4eaa38d649f876) Importer(815301076,1909f56bfc062723c751e8b465ee728b)
Start importing Assets/Audio/SFX/Collider/NotTheWay.wav using Guid(cc910f837e28c1040b4eaa38d649f876) Importer(815301076,1909f56bfc062723c751e8b465ee728b)  -> (artifact id: '7840fa722e1de47e8cd10ca89d19e404') in 0.009077 seconds
  Import took 0.011645 seconds .

========================================================================
Received Import Request.
  Time since last request: 4.714898 seconds.
  path: Assets/Audio/SFX/FootSteps
  artifactKey: Guid(31c09f48547578b4fbc500336c98bd04) Importer(815301076,1909f56bfc062723c751e8b465ee728b)
Start importing Assets/Audio/SFX/FootSteps using Guid(31c09f48547578b4fbc500336c98bd04) Importer(815301076,1909f56bfc062723c751e8b465ee728b)  -> (artifact id: '91984471e7b441c990d7fd6c8a049d8b') in 0.003480 seconds
  Import took 0.006110 seconds .

========================================================================
Received Import Request.
  Time since last request: 0.061611 seconds.
  path: Assets/Audio/SFX/FootSteps/walking_water01.wav
  artifactKey: Guid(34e54ba9a457de34a8d39f162a11c6a6) Importer(815301076,1909f56bfc062723c751e8b465ee728b)
Start importing Assets/Audio/SFX/FootSteps/walking_water01.wav using Guid(34e54ba9a457de34a8d39f162a11c6a6) Importer(815301076,1909f56bfc062723c751e8b465ee728b)  -> (artifact id: '3760dafe38aed1e620bb10f63864e379') in 0.010588 seconds
  Import took 0.013401 seconds .

========================================================================
Received Import Request.
  Time since last request: 0.000294 seconds.
  path: Assets/Audio/SFX/FootSteps/walking_water03.wav
  artifactKey: Guid(73abd22f8ccfa114296088c256479039) Importer(815301076,1909f56bfc062723c751e8b465ee728b)
Start importing Assets/Audio/SFX/FootSteps/walking_water03.wav using Guid(73abd22f8ccfa114296088c256479039) Importer(815301076,1909f56bfc062723c751e8b465ee728b)  -> (artifact id: '8791fa02810934a92852868c2ba5886c') in 0.010824 seconds
  Import took 0.013097 seconds .

========================================================================
Received Import Request.
  Time since last request: 0.000281 seconds.
  path: Assets/Audio/SFX/FootSteps/walking_water01.wav
  artifactKey: Guid(34e54ba9a457de34a8d39f162a11c6a6) Importer(815301076,1909f56bfc062723c751e8b465ee728b)
Start importing Assets/Audio/SFX/FootSteps/walking_water01.wav using Guid(34e54ba9a457de34a8d39f162a11c6a6) Importer(815301076,1909f56bfc062723c751e8b465ee728b)  -> (artifact id: '3760dafe38aed1e620bb10f63864e379') in 0.009114 seconds
  Import took 0.011540 seconds .

========================================================================
Received Import Request.
  Time since last request: 0.000438 seconds.
  path: Assets/Audio/SFX/FootSteps/walking_water02.wav
  artifactKey: Guid(2fd534a404a9ab74390fc5a40030961b) Importer(815301076,1909f56bfc062723c751e8b465ee728b)
Start importing Assets/Audio/SFX/FootSteps/walking_water02.wav using Guid(2fd534a404a9ab74390fc5a40030961b) Importer(815301076,1909f56bfc062723c751e8b465ee728b)  -> (artifact id: '5b409970c4321b93a3fffe6291349f39') in 0.009033 seconds
  Import took 0.011562 seconds .

========================================================================
Received Prepare
Registering precompiled user dll's ...
Registered in 0.001377 seconds.
Begin MonoManager ReloadAssembly
Symbol file data-000001C57D9D8020 doesn't match image C:\Users\xocog\Documents\GitHub\TrioDinamico\Audio\AudioScene\Library\ScriptAssemblies\Assembly-CSharp-firstpass.dll
Symbol file LoadedFromMemory is not a mono symbol file
Symbol file data-000001C57D054C50 doesn't match image C:\Users\xocog\Documents\GitHub\TrioDinamico\Audio\AudioScene\Library\ScriptAssemblies\Unity.VSCode.Editor.dll
Symbol file LoadedFromMemory is not a mono symbol file
Symbol file data-000001C57D67CB60 doesn't match image C:\Users\xocog\Documents\GitHub\TrioDinamico\Audio\AudioScene\Library\ScriptAssemblies\Unity.TextMeshPro.Editor.dll
Symbol file LoadedFromMemory is not a mono symbol file
Symbol file data-000001C57D104FE0 doesn't match image C:\Users\xocog\Documents\GitHub\TrioDinamico\Audio\AudioScene\Library\ScriptAssemblies\Unity.VisualStudio.Editor.dll
Symbol file LoadedFromMemory is not a mono symbol file
Symbol file data-000001C57CE5A780 doesn't match image C:\Users\xocog\Documents\GitHub\TrioDinamico\Audio\AudioScene\Library\ScriptAssemblies\UnityEngine.TestRunner.dll
Symbol file LoadedFromMemory is not a mono symbol file
Symbol file data-000001C57CC287A0 doesn't match image C:\Users\xocog\Documents\GitHub\TrioDinamico\Audio\AudioScene\Library\ScriptAssemblies\Unity.Timeline.Editor.dll
Symbol file LoadedFromMemory is not a mono symbol file
Symbol file data-000001C57E0BAFD0 doesn't match image C:\Users\xocog\Documents\GitHub\TrioDinamico\Audio\AudioScene\Library\ScriptAssemblies\Unity.Timeline.dll
Symbol file LoadedFromMemory is not a mono symbol file
Symbol file data-000001C57ACF2010 doesn't match image C:\Users\xocog\Documents\GitHub\TrioDinamico\Audio\AudioScene\Library\ScriptAssemblies\Unity.TextMeshPro.dll
Symbol file LoadedFromMemory is not a mono symbol file
Symbol file data-000001C57CE5A780 doesn't match image C:\Users\xocog\Documents\GitHub\TrioDinamico\Audio\AudioScene\Library\ScriptAssemblies\Unity.CollabProxy.Editor.dll
Symbol file LoadedFromMemory is not a mono symbol file
Symbol file data-000001C57A3B3010 doesn't match image C:\Users\xocog\Documents\GitHub\TrioDinamico\Audio\AudioScene\Library\ScriptAssemblies\UnityEditor.TestRunner.dll
Symbol file LoadedFromMemory is not a mono symbol file
Symbol file data-000001C57E7C7150 doesn't match image C:\Users\xocog\Documents\GitHub\TrioDinamico\Audio\AudioScene\Library\ScriptAssemblies\UnityEditor.UI.dll
Symbol file LoadedFromMemory is not a mono symbol file
Symbol file data-000001C57DAC88C0 doesn't match image C:\Users\xocog\Documents\GitHub\TrioDinamico\Audio\AudioScene\Library\ScriptAssemblies\Unity.Rider.Editor.dll
Symbol file LoadedFromMemory is not a mono symbol file
Symbol file data-000001C57CF93C60 doesn't match image C:\Users\xocog\Documents\GitHub\TrioDinamico\Audio\AudioScene\Library\ScriptAssemblies\UnityEngine.UI.dll
Symbol file LoadedFromMemory is not a mono symbol file
Native extension for WindowsStandalone target not found
Refreshing native plugins compatible for Editor in 0.40 ms, found 0 plugins.
Preloading 0 native plugins for Editor in 0.00 ms.
Mono: successfully reloaded assembly
- Completed reload, in  1.010 seconds
Platform modules already initialized, skipping
Refreshing native plugins compatible for Editor in 0.42 ms, found 0 plugins.
Preloading 0 native plugins for Editor in 0.00 ms.
Unloading 1192 Unused Serialized files (Serialized files now loaded: 0)
System memory in use before: 76.3 MB.
System memory in use after: 76.1 MB.

Unloading 5 unused Assets to reduce memory usage. Loaded Objects now: 1687.
Total: 2.425800 ms (FindLiveObjects: 0.196800 ms CreateObjectMapping: 0.033600 ms MarkObjects: 1.810700 ms  DeleteObjects: 0.383500 ms)

========================================================================
Received Import Request.
  Time since last request: 53.491743 seconds.
  path: Assets/Pier_house 2
  artifactKey: Guid(cc4cfe287cd295845a4dcaf67d8ba61e) Importer(815301076,1909f56bfc062723c751e8b465ee728b)
Start importing Assets/Pier_house 2 using Guid(cc4cfe287cd295845a4dcaf67d8ba61e) Importer(815301076,1909f56bfc062723c751e8b465ee728b)  -> (artifact id: 'e26ccd1c153b41f2c264d3b7657ba72c') in 0.006047 seconds
  Import took 0.008663 seconds .

========================================================================
Received Import Request.
  Time since last request: 0.548926 seconds.
  path: Assets/RPG_FPS_game_assets_industrial
  artifactKey: Guid(7ffe2e7fbea84064f95ea4a304cb405d) Importer(815301076,1909f56bfc062723c751e8b465ee728b)
Start importing Assets/RPG_FPS_game_assets_industrial using Guid(7ffe2e7fbea84064f95ea4a304cb405d) Importer(815301076,1909f56bfc062723c751e8b465ee728b)  -> (artifact id: '2e061c4193c5921a5d3b1cf7244ba4ea') in 0.003344 seconds
  Import took 0.005828 seconds .

AssetImportWorkerClient::OnTransportError - code=2 error=End of file
