Using pre-set license
Built from '2020.3/release' branch; Version is '2020.3.7f1 (dd97f2c94397) revision 14522354'; Using compiler version '192528614'; Build Type 'Release'
OS: 'Windows 10 Home; OS build 19042.985; Version 2009; 64bit' Language: 'es' Physical Memory: 16312 MB
BatchMode: 1, IsHumanControllingUs: 0, StartBugReporterOnCrash: 0, Is64bit: 1, IsPro: 0

 COMMAND LINE ARGUMENTS:
C:\Program Files\Unity\Hub\Editor\2020.3.7f1\Editor\Unity.exe
-adb2
-batchMode
-noUpm
-name
AssetImportWorker0
-projectPath
C:/Users/xocog/Documents/GitHub/TrioDinamico/AR/AR Project
-logFile
Logs/AssetImportWorker0.log
-srvPort
64285
Successfully changed project path to: C:/Users/xocog/Documents/GitHub/TrioDinamico/AR/AR Project
C:/Users/xocog/Documents/GitHub/TrioDinamico/AR/AR Project
Using Asset Import Pipeline V2.
Refreshing native plugins compatible for Editor in 59.95 ms, found 2 plugins.
Preloading 1 native plugins for Editor in 2.42 ms.
Initialize engine version: 2020.3.7f1 (dd97f2c94397)
[Subsystems] Discovering subsystems at path C:/Program Files/Unity/Hub/Editor/2020.3.7f1/Editor/Data/Resources/UnitySubsystems
[Subsystems] Discovering subsystems at path C:/Users/xocog/Documents/GitHub/TrioDinamico/AR/AR Project/Assets
GfxDevice: creating device client; threaded=0
Direct3D:
    Version:  Direct3D 11.0 [level 11.1]
    Renderer: NVIDIA GeForce GTX 1080 Ti (ID=0x1b06)
    Vendor:   
    VRAM:     11127 MB
    Driver:   27.21.14.6647
Shader 'PointClouds/PointSplat': fallback shader 'PointClouds/PointSplatLegacy' not found
Initialize mono
Mono path[0] = 'C:/Program Files/Unity/Hub/Editor/2020.3.7f1/Editor/Data/Managed'
Mono path[1] = 'C:/Program Files/Unity/Hub/Editor/2020.3.7f1/Editor/Data/MonoBleedingEdge/lib/mono/unityjit'
Mono config path = 'C:/Program Files/Unity/Hub/Editor/2020.3.7f1/Editor/Data/MonoBleedingEdge/etc'
Using monoOptions --debugger-agent=transport=dt_socket,embedding=1,server=y,suspend=n,address=127.0.0.1:56188
Begin MonoManager ReloadAssembly
Registering precompiled unity dll's ...
Register platform support module: C:/Program Files/Unity/Hub/Editor/2020.3.7f1/Editor/Data/PlaybackEngines/WindowsStandaloneSupport/UnityEditor.WindowsStandalone.Extensions.dll
Registered in 0.003787 seconds.
Native extension for WindowsStandalone target not found
Refreshing native plugins compatible for Editor in 44.64 ms, found 2 plugins.
Preloading 1 native plugins for Editor in 0.17 ms.
Mono: successfully reloaded assembly
- Completed reload, in  2.939 seconds
Platform modules already initialized, skipping
Registering precompiled user dll's ...
Registered in 0.008903 seconds.
Begin MonoManager ReloadAssembly
Native extension for WindowsStandalone target not found
Refreshing native plugins compatible for Editor in 0.56 ms, found 2 plugins.
Preloading 1 native plugins for Editor in 0.10 ms.
System.NullReferenceException: Object reference not set to an instance of an object
  at Vuforia.EditorClasses.ExtensionTypeProvider.GetVuforiaPackageAbsPath () [0x0004a] in <f93bc12ce1034617aac9a18135b94276>:0 
  at Vuforia.EditorClasses.ExtensionTypeProvider.IsPackageManager () [0x00000] in <f93bc12ce1034617aac9a18135b94276>:0 
  at Vuforia.EditorClasses.ExtensionTypeProvider.ResolvePluginType () [0x00009] in <f93bc12ce1034617aac9a18135b94276>:0 
  at Vuforia.EditorClasses.ExtensionTypeProvider.GetPluginType () [0x0000c] in <f93bc12ce1034617aac9a18135b94276>:0 
  at Vuforia.EditorClasses.VuforiaUtilities.IsVuforiaEnabledInPlayerSettings () [0x00000] in <f93bc12ce1034617aac9a18135b94276>:0 
  at VuforiaEnabledObserver..cctor () [0x00000] in <f93bc12ce1034617aac9a18135b94276>:0 
UnityEngine.StackTraceUtility:ExtractStackTrace ()
UnityEngine.DebugLogHandler:LogFormat (UnityEngine.LogType,UnityEngine.Object,string,object[])
UnityEngine.Logger:Log (UnityEngine.LogType,object)
UnityEngine.Debug:LogError (object)
UnityEditor.EditorAssemblies:ProcessInitializeOnLoadAttributes (System.Type[])

System.NullReferenceException: Object reference not set to an instance of an object
  at Vuforia.EditorClasses.ExtensionTypeProvider.GetVuforiaPackageAbsPath () [0x0004a] in <f93bc12ce1034617aac9a18135b94276>:0 
  at Vuforia.EditorClasses.ExtensionTypeProvider.IsPackageManager () [0x00000] in <f93bc12ce1034617aac9a18135b94276>:0 
  at Vuforia.EditorClasses.ExtensionTypeProvider.ResolvePluginType () [0x00009] in <f93bc12ce1034617aac9a18135b94276>:0 
  at Vuforia.EditorClasses.ExtensionTypeProvider.GetPluginType () [0x0000c] in <f93bc12ce1034617aac9a18135b94276>:0 
  at Vuforia.EditorClasses.VuforiaUtilities.IsVuforiaEnabledInPlayerSettings () [0x00000] in <f93bc12ce1034617aac9a18135b94276>:0 
  at Vuforia.EditorClasses.InitializeOnLoadVuforiaTaskRunner..cctor () [0x00015] in <f93bc12ce1034617aac9a18135b94276>:0 
UnityEngine.StackTraceUtility:ExtractStackTrace ()
UnityEngine.DebugLogHandler:LogFormat (UnityEngine.LogType,UnityEngine.Object,string,object[])
UnityEngine.Logger:Log (UnityEngine.LogType,object)
UnityEngine.Debug:LogError (object)
UnityEditor.EditorAssemblies:ProcessInitializeOnLoadAttributes (System.Type[])

Mono: successfully reloaded assembly
- Completed reload, in  1.164 seconds
Platform modules already initialized, skipping
========================================================================
Worker process is ready to serve import requests
Shader 'PointClouds/PointSplat': fallback shader 'PointClouds/PointSplatLegacy' not found
Launched and connected shader compiler UnityShaderCompiler.exe after 0.07 seconds
Refreshing native plugins compatible for Editor in 0.57 ms, found 2 plugins.
Preloading 1 native plugins for Editor in 0.11 ms.
Unloading 1242 Unused Serialized files (Serialized files now loaded: 0)
System memory in use before: 65.7 MB.
System memory in use after: 65.8 MB.

Unloading 37 unused Assets to reduce memory usage. Loaded Objects now: 1942.
Total: 2.382200 ms (FindLiveObjects: 0.311900 ms CreateObjectMapping: 0.052300 ms MarkObjects: 1.929300 ms  DeleteObjects: 0.086800 ms)

========================================================================
Received Import Request.
  path: Assets/PartyMonsterDuoPA/Scene
  artifactKey: Guid(e991e65e376a06e4f9125168b7afffe0) Importer(815301076,1909f56bfc062723c751e8b465ee728b)
Start importing Assets/PartyMonsterDuoPA/Scene using Guid(e991e65e376a06e4f9125168b7afffe0) Importer(815301076,1909f56bfc062723c751e8b465ee728b)  -> (artifact id: 'b81f24f4dc6967e6198fdc5133265a8b') in 0.005784 seconds
  Import took 0.008418 seconds .

========================================================================
Received Import Request.
  Time since last request: 0.000492 seconds.
  path: Assets/PartyMonsterDuoPA
  artifactKey: Guid(00b3c418f16138842b8790c757aef305) Importer(815301076,1909f56bfc062723c751e8b465ee728b)
Start importing Assets/PartyMonsterDuoPA using Guid(00b3c418f16138842b8790c757aef305) Importer(815301076,1909f56bfc062723c751e8b465ee728b)  -> (artifact id: '6c1346b4e180392328ea20daed19eea5') in 0.003883 seconds
  Import took 0.006199 seconds .

========================================================================
Received Import Request.
  Time since last request: 0.000376 seconds.
  path: Assets/PartyMonsterDuoPA/Scene/DefaultPolyart.unity
  artifactKey: Guid(608f08f2f6899a64dbad78bd8bcffdfb) Importer(815301076,1909f56bfc062723c751e8b465ee728b)
Start importing Assets/PartyMonsterDuoPA/Scene/DefaultPolyart.unity using Guid(608f08f2f6899a64dbad78bd8bcffdfb) Importer(815301076,1909f56bfc062723c751e8b465ee728b)  -> (artifact id: 'dc0be3de0ee661514eebf6a5408dd12e') in 0.013039 seconds
  Import took 0.015308 seconds .

========================================================================
Received Import Request.
  Time since last request: 1.611142 seconds.
  path: Assets/PartyMonsterDuoPA/Scene/DefaultPolyart.unity
  artifactKey: Guid(608f08f2f6899a64dbad78bd8bcffdfb) Importer(815301076,1909f56bfc062723c751e8b465ee728b)
Start importing Assets/PartyMonsterDuoPA/Scene/DefaultPolyart.unity using Guid(608f08f2f6899a64dbad78bd8bcffdfb) Importer(815301076,1909f56bfc062723c751e8b465ee728b)  -> (artifact id: 'dc0be3de0ee661514eebf6a5408dd12e') in 0.003726 seconds
  Import took 0.006515 seconds .

========================================================================
Received Prepare
Registering precompiled user dll's ...
Registered in 0.011761 seconds.
Begin MonoManager ReloadAssembly
Native extension for WindowsStandalone target not found
Refreshing native plugins compatible for Editor in 0.59 ms, found 2 plugins.
Preloading 1 native plugins for Editor in 0.11 ms.
System.NullReferenceException: Object reference not set to an instance of an object
  at Vuforia.EditorClasses.ExtensionTypeProvider.GetVuforiaPackageAbsPath () [0x0004a] in <f93bc12ce1034617aac9a18135b94276>:0 
  at Vuforia.EditorClasses.ExtensionTypeProvider.IsPackageManager () [0x00000] in <f93bc12ce1034617aac9a18135b94276>:0 
  at Vuforia.EditorClasses.ExtensionTypeProvider.ResolvePluginType () [0x00009] in <f93bc12ce1034617aac9a18135b94276>:0 
  at Vuforia.EditorClasses.ExtensionTypeProvider.GetPluginType () [0x0000c] in <f93bc12ce1034617aac9a18135b94276>:0 
  at Vuforia.EditorClasses.VuforiaUtilities.IsVuforiaEnabledInPlayerSettings () [0x00000] in <f93bc12ce1034617aac9a18135b94276>:0 
  at VuforiaEnabledObserver..cctor () [0x00000] in <f93bc12ce1034617aac9a18135b94276>:0 
UnityEngine.StackTraceUtility:ExtractStackTrace ()
UnityEngine.DebugLogHandler:LogFormat (UnityEngine.LogType,UnityEngine.Object,string,object[])
UnityEngine.Logger:Log (UnityEngine.LogType,object)
UnityEngine.Debug:LogError (object)
UnityEditor.EditorAssemblies:ProcessInitializeOnLoadAttributes (System.Type[])

System.NullReferenceException: Object reference not set to an instance of an object
  at Vuforia.EditorClasses.ExtensionTypeProvider.GetVuforiaPackageAbsPath () [0x0004a] in <f93bc12ce1034617aac9a18135b94276>:0 
  at Vuforia.EditorClasses.ExtensionTypeProvider.IsPackageManager () [0x00000] in <f93bc12ce1034617aac9a18135b94276>:0 
  at Vuforia.EditorClasses.ExtensionTypeProvider.ResolvePluginType () [0x00009] in <f93bc12ce1034617aac9a18135b94276>:0 
  at Vuforia.EditorClasses.ExtensionTypeProvider.GetPluginType () [0x0000c] in <f93bc12ce1034617aac9a18135b94276>:0 
  at Vuforia.EditorClasses.VuforiaUtilities.IsVuforiaEnabledInPlayerSettings () [0x00000] in <f93bc12ce1034617aac9a18135b94276>:0 
  at Vuforia.EditorClasses.InitializeOnLoadVuforiaTaskRunner..cctor () [0x00015] in <f93bc12ce1034617aac9a18135b94276>:0 
UnityEngine.StackTraceUtility:ExtractStackTrace ()
UnityEngine.DebugLogHandler:LogFormat (UnityEngine.LogType,UnityEngine.Object,string,object[])
UnityEngine.Logger:Log (UnityEngine.LogType,object)
UnityEngine.Debug:LogError (object)
UnityEditor.EditorAssemblies:ProcessInitializeOnLoadAttributes (System.Type[])

Mono: successfully reloaded assembly
- Completed reload, in  1.102 seconds
Platform modules already initialized, skipping
Switching build target platform(5) subTarget(0) extendedPlatform(0) -> platform(13) subTarget(537460736) extendedPlatform(0)
Shader 'PointClouds/PointSplat': fallback shader 'PointClouds/PointSplatLegacy' not found
Refreshing native plugins compatible for Editor in 0.60 ms, found 2 plugins.
Preloading 1 native plugins for Editor in 0.12 ms.
Unloading 1215 Unused Serialized files (Serialized files now loaded: 0)
System memory in use before: 63.2 MB.
System memory in use after: 63.3 MB.

Unloading 32 unused Assets to reduce memory usage. Loaded Objects now: 1945.
Total: 2.421900 ms (FindLiveObjects: 0.271000 ms CreateObjectMapping: 0.043000 ms MarkObjects: 2.073300 ms  DeleteObjects: 0.032800 ms)

AssetImportParameters requested are different than current active one (requested -> active):
  custom:graphics/normal-map-encoding: 01000000000000000000000000000000 -> 02000000000000000000000000000000
========================================================================
Received Import Request.
  Time since last request: 89.913656 seconds.
  path: Assets/PartyMonsterDuoPA/Prefab
  artifactKey: Guid(017a80ca84b79d54989a1d4f29b3888d) Importer(815301076,1909f56bfc062723c751e8b465ee728b)
Start importing Assets/PartyMonsterDuoPA/Prefab using Guid(017a80ca84b79d54989a1d4f29b3888d) Importer(815301076,1909f56bfc062723c751e8b465ee728b)  -> (artifact id: '2855b563dd1497054edb48b4f3b96b88') in 0.007525 seconds
  Import took 0.010242 seconds .

========================================================================
Received Import Request.
  Time since last request: 0.068224 seconds.
  path: Assets/PartyMonsterDuoPA/Prefab/C01.prefab
  artifactKey: Guid(1235f6fdfe904874cab3c83e4a67727c) Importer(815301076,1909f56bfc062723c751e8b465ee728b)
Start importing Assets/PartyMonsterDuoPA/Prefab/C01.prefab using Guid(1235f6fdfe904874cab3c83e4a67727c) Importer(815301076,1909f56bfc062723c751e8b465ee728b)  -> (artifact id: 'bf0ae08f80963e7dded54cb615da0de8') in 0.184177 seconds
  Import took 0.189466 seconds .

========================================================================
Received Import Request.
  Time since last request: 0.000234 seconds.
  path: Assets/PartyMonsterDuoPA/Prefab/C02.prefab
  artifactKey: Guid(379cfb6848589a948b84691a4df3bed9) Importer(815301076,1909f56bfc062723c751e8b465ee728b)
Start importing Assets/PartyMonsterDuoPA/Prefab/C02.prefab using Guid(379cfb6848589a948b84691a4df3bed9) Importer(815301076,1909f56bfc062723c751e8b465ee728b)  -> (artifact id: 'f32a6d993f29e489fe034f65dcdd273e') in 0.049719 seconds
  Import took 0.054601 seconds .

========================================================================
Received Import Request.
  Time since last request: 9.081067 seconds.
  path: Assets/PartyMonsterDuoPA/Mesh
  artifactKey: Guid(be2f4325ee01f1c4c974dbad60720b38) Importer(815301076,1909f56bfc062723c751e8b465ee728b)
Start importing Assets/PartyMonsterDuoPA/Mesh using Guid(be2f4325ee01f1c4c974dbad60720b38) Importer(815301076,1909f56bfc062723c751e8b465ee728b)  -> (artifact id: '62f7056040c01a24503fa1247eb75f3c') in 0.004265 seconds
  Import took 0.006946 seconds .

========================================================================
Received Import Request.
  Time since last request: 0.070246 seconds.
  path: Assets/PartyMonsterDuoPA/Mesh/DefaultCharacterMesh.fbx
  artifactKey: Guid(eeebdeb8be91e0e43ae9170c2d8e4279) Importer(815301076,1909f56bfc062723c751e8b465ee728b)
Start importing Assets/PartyMonsterDuoPA/Mesh/DefaultCharacterMesh.fbx using Guid(eeebdeb8be91e0e43ae9170c2d8e4279) Importer(815301076,1909f56bfc062723c751e8b465ee728b)  -> (artifact id: '95f85cbdfb7bf51a260ff6d92e4e2294') in 0.168431 seconds
  Import took 0.172358 seconds .

========================================================================
Received Import Request.
  Time since last request: 0.000206 seconds.
  path: Assets/PartyMonsterDuoPA/Mesh/StageMesh.fbx
  artifactKey: Guid(d075acd8865fffe4e9475ceead36c4c9) Importer(815301076,1909f56bfc062723c751e8b465ee728b)
Start importing Assets/PartyMonsterDuoPA/Mesh/StageMesh.fbx using Guid(d075acd8865fffe4e9475ceead36c4c9) Importer(815301076,1909f56bfc062723c751e8b465ee728b)  -> (artifact id: 'ea82d348be6101e17c47ce9857421082') in 0.015348 seconds
  Import took 0.017889 seconds .

========================================================================
Received Import Request.
  Time since last request: 2.883539 seconds.
  path: Assets/PartyMonsterDuoPA/Material
  artifactKey: Guid(c8b02b61229fc374f9e3e412fd364b5f) Importer(815301076,1909f56bfc062723c751e8b465ee728b)
Start importing Assets/PartyMonsterDuoPA/Material using Guid(c8b02b61229fc374f9e3e412fd364b5f) Importer(815301076,1909f56bfc062723c751e8b465ee728b)  -> (artifact id: 'ae2e67555de03d1a2da5e66480eecc39') in 0.004219 seconds
  Import took 0.007044 seconds .

========================================================================
Received Import Request.
  Time since last request: 0.614550 seconds.
  path: Assets/PartyMonsterDuoPA/Material/DefaultPolyart.mat
  artifactKey: Guid(e6c4e27510e2d164d86c33ef2069b47a) Importer(815301076,1909f56bfc062723c751e8b465ee728b)
Start importing Assets/PartyMonsterDuoPA/Material/DefaultPolyart.mat using Guid(e6c4e27510e2d164d86c33ef2069b47a) Importer(815301076,1909f56bfc062723c751e8b465ee728b)  -> (artifact id: '96595a9a053eecca8e830d6dc4e415f7') in 0.035373 seconds
  Import took 0.038231 seconds .

========================================================================
Received Import Request.
  Time since last request: 0.000252 seconds.
  path: Assets/PartyMonsterDuoPA/Material/Skybox_Mat.mat
  artifactKey: Guid(353466c49cf019540bf2ac95815b7c1e) Importer(815301076,1909f56bfc062723c751e8b465ee728b)
Start importing Assets/PartyMonsterDuoPA/Material/Skybox_Mat.mat using Guid(353466c49cf019540bf2ac95815b7c1e) Importer(815301076,1909f56bfc062723c751e8b465ee728b)  -> (artifact id: '7ddcaca6bba16ec6121b88212bfa1702') in 0.115242 seconds
  Import took 0.117773 seconds .

========================================================================
Received Import Request.
  Time since last request: 0.000235 seconds.
  path: Assets/PartyMonsterDuoPA/Material/Stage.mat
  artifactKey: Guid(f2c23294678c47341aa7ffec8a34162a) Importer(815301076,1909f56bfc062723c751e8b465ee728b)
Start importing Assets/PartyMonsterDuoPA/Material/Stage.mat using Guid(f2c23294678c47341aa7ffec8a34162a) Importer(815301076,1909f56bfc062723c751e8b465ee728b)  -> (artifact id: 'de5bcf0fc6b7586a01ae6b2712e8f235') in 0.193097 seconds
  Import took 0.195537 seconds .

========================================================================
Received Import Request.
  Time since last request: 4.305138 seconds.
  path: Assets/PartyMonsterDuoPA/Animation
  artifactKey: Guid(d456df87480cbf34fba4db6f8cd66952) Importer(815301076,1909f56bfc062723c751e8b465ee728b)
Start importing Assets/PartyMonsterDuoPA/Animation using Guid(d456df87480cbf34fba4db6f8cd66952) Importer(815301076,1909f56bfc062723c751e8b465ee728b)  -> (artifact id: '145c7b106602236b6003a9b486dcf809') in 0.004184 seconds
  Import took 0.007104 seconds .

AssetImportWorkerClient::OnTransportError - code=2 error=End of file
